<?xml version="1.0" encoding="UTF-8"?>
<!-- Generated by org.testng.reporters.JUnitXMLReporter -->
<testsuite ignored="6" hostname="DESKTOP-ETBT7MC" failures="0" tests="3" name="TestSmokemuticlasses" time="0.078" errors="0" timestamp="2025-06-22T11:27:27 IST">
  <testcase classname="Pack2.class_56_testcasegrouping" name="testcase3" time="0.013"/>
  <testcase classname="Pack2.class_56_testcasegrouping3" name="testcase9" time="0.001"/>
  <testcase classname="Pack2.class_56_testcasegrouping2" name="testcase6" time="0.002"/>
  <testcase classname="Pack2.class_56_testcasegrouping" name="testcase2" time="0.0">
    <ignored/>
  </testcase> <!-- testcase2 -->
  <testcase classname="Pack2.class_56_testcasegrouping" name="testcase1" time="0.0">
    <ignored/>
  </testcase> <!-- testcase1 -->
  <testcase classname="Pack2.class_56_testcasegrouping3" name="testcase7" time="0.0">
    <ignored/>
  </testcase> <!-- testcase7 -->
  <testcase classname="Pack2.class_56_testcasegrouping3" name="testcase8" time="0.0">
    <ignored/>
  </testcase> <!-- testcase8 -->
  <testcase classname="Pack2.class_56_testcasegrouping2" name="testcase4" time="0.0">
    <ignored/>
  </testcase> <!-- testcase4 -->
  <testcase classname="Pack2.class_56_testcasegrouping2" name="testcase5" time="0.0">
    <ignored/>
  </testcase> <!-- testcase5 -->
</testsuite> <!-- TestSmokemuticlasses -->
