<?xml version="1.0" encoding="UTF-8"?>
<!-- Generated by org.testng.reporters.JUnitXMLReporter -->
<testsuite ignored="1" hostname="DESKTOP-ETBT7MC" failures="0" tests="2" name="Testnggroup" time="0.08" errors="0" timestamp="2025-05-07T18:57:56 IST">
  <testcase classname="pack1.class_56_testcasegrouping" name="testcase1" time="0.011"/>
  <testcase classname="pack1.class_56_testcasegrouping" name="testcase2" time="0.001"/>
  <testcase classname="pack1.class_56_testcasegrouping" name="testcase3" time="0.0">
    <ignored/>
  </testcase> <!-- testcase3 -->
</testsuite> <!-- Testnggroup -->
