<?xml version="1.0" encoding="UTF-8"?>
<!-- Generated by org.testng.reporters.JUnitXMLReporter -->
<testsuite ignored="0" hostname="DESKTOP-ETBT7MC" failures="0" tests="10" name="Test_Assign" time="21.098" errors="0" timestamp="2025-05-20T17:56:57 IST">
  <testcase classname="Pack2.class_56_testcasegrouping" name="testcase1" time="0.014"/>
  <testcase classname="Pack2.class_56_testcasegrouping" name="testcase2" time="0.001"/>
  <testcase classname="Pack2.class_56_testcasegrouping" name="testcase3" time="0.002"/>
  <testcase classname="Pack2.class_56_testcasegrouping3" name="testcase7" time="0.002"/>
  <testcase classname="Pack2.class_56_testcasegrouping3" name="testcase8" time="0.002"/>
  <testcase classname="Pack2.class_56_testcasegrouping3" name="testcase9" time="0.002"/>
  <testcase classname="Pack2.class_56_testcasegrouping2" name="testcase4" time="0.002"/>
  <testcase classname="Pack2.class_56_testcasegrouping2" name="testcase5" time="0.002"/>
  <testcase classname="Pack2.class_56_testcasegrouping2" name="testcase6" time="0.001"/>
  <testcase classname="Pack2.Class_61_Rety_autosuggestion" name="amazonautosuggest" time="20.973"/>
</testsuite> <!-- Test_Assign -->
